Determining if the pthread_create exist failed with the following output:
Change Dir: /home/darek/Projects/SO2_P2/cmake-build-debug/CMakeFiles/CMakeTmp

Run Build Command:"/usr/bin/make" "cmTC_27190/fast"
/usr/bin/make -f CMakeFiles/cmTC_27190.dir/build.make CMakeFiles/cmTC_27190.dir/build
make[1]: Entering directory '/run/media/linux_data/home_data/Projects/SO2_P2/cmake-build-debug/CMakeFiles/CMakeTmp'
Building C object CMakeFiles/cmTC_27190.dir/CheckSymbolExists.c.o
/usr/bin/cc    -o CMakeFiles/cmTC_27190.dir/CheckSymbolExists.c.o   -c /home/darek/Projects/SO2_P2/cmake-build-debug/CMakeFiles/CMakeTmp/CheckSymbolExists.c
Linking C executable cmTC_27190
/home/darek/Application/clion-2019.1/bin/cmake/linux/bin/cmake -E cmake_link_script CMakeFiles/cmTC_27190.dir/link.txt --verbose=1
/usr/bin/cc      CMakeFiles/cmTC_27190.dir/CheckSymbolExists.c.o  -o cmTC_27190 
/usr/bin/ld: CMakeFiles/cmTC_27190.dir/CheckSymbolExists.c.o: in function `main':
CheckSymbolExists.c:(.text+0x1b): undefined reference to `pthread_create'
collect2: error: ld returned 1 exit status
make[1]: *** [CMakeFiles/cmTC_27190.dir/build.make:87: cmTC_27190] Error 1
make[1]: Leaving directory '/run/media/linux_data/home_data/Projects/SO2_P2/cmake-build-debug/CMakeFiles/CMakeTmp'
make: *** [Makefile:121: cmTC_27190/fast] Error 2

File /home/darek/Projects/SO2_P2/cmake-build-debug/CMakeFiles/CMakeTmp/CheckSymbolExists.c:
/* */
#include <pthread.h>

int main(int argc, char** argv)
{
  (void)argv;
#ifndef pthread_create
  return ((int*)(&pthread_create))[argc];
#else
  (void)argc;
  return 0;
#endif
}

Determining if the function pthread_create exists in the pthreads failed with the following output:
Change Dir: /home/darek/Projects/SO2_P2/cmake-build-debug/CMakeFiles/CMakeTmp

Run Build Command:"/usr/bin/make" "cmTC_4175e/fast"
/usr/bin/make -f CMakeFiles/cmTC_4175e.dir/build.make CMakeFiles/cmTC_4175e.dir/build
make[1]: Entering directory '/run/media/linux_data/home_data/Projects/SO2_P2/cmake-build-debug/CMakeFiles/CMakeTmp'
Building C object CMakeFiles/cmTC_4175e.dir/CheckFunctionExists.c.o
/usr/bin/cc   -DCHECK_FUNCTION_EXISTS=pthread_create   -o CMakeFiles/cmTC_4175e.dir/CheckFunctionExists.c.o   -c /home/darek/Application/clion-2019.1/bin/cmake/linux/share/cmake-3.13/Modules/CheckFunctionExists.c
Linking C executable cmTC_4175e
/home/darek/Application/clion-2019.1/bin/cmake/linux/bin/cmake -E cmake_link_script CMakeFiles/cmTC_4175e.dir/link.txt --verbose=1
/usr/bin/cc  -DCHECK_FUNCTION_EXISTS=pthread_create    CMakeFiles/cmTC_4175e.dir/CheckFunctionExists.c.o  -o cmTC_4175e -lpthreads 
/usr/bin/ld: cannot find -lpthreads
collect2: error: ld returned 1 exit status
make[1]: *** [CMakeFiles/cmTC_4175e.dir/build.make:87: cmTC_4175e] Error 1
make[1]: Leaving directory '/run/media/linux_data/home_data/Projects/SO2_P2/cmake-build-debug/CMakeFiles/CMakeTmp'
make: *** [Makefile:121: cmTC_4175e/fast] Error 2


